TN:
SF:/home/fabien/Documents/work/gka-reselect/src/index.js
FN:3,(anonymous_0)
FN:3,(anonymous_1)
FN:29,(anonymous_2)
FN:30,(anonymous_3)
FN:37,(anonymous_4)
FN:38,(anonymous_5)
FN:39,(anonymous_6)
FNF:7
FNH:4
FNDA:3,(anonymous_0)
FNDA:2,(anonymous_1)
FNDA:4,(anonymous_2)
FNDA:4,(anonymous_3)
FNDA:0,(anonymous_4)
FNDA:0,(anonymous_5)
FNDA:0,(anonymous_6)
DA:3,3
DA:5,2
DA:6,0
DA:9,2
DA:10,2
DA:11,2
DA:13,2
DA:14,4
DA:15,4
DA:16,3
DA:17,1
DA:18,1
DA:22,2
DA:29,1
DA:30,4
DA:31,4
DA:32,4
DA:37,1
DA:38,0
DA:39,0
LF:20
LH:17
BRDA:5,0,0,0
BRDA:5,0,1,2
BRDA:15,1,0,3
BRDA:15,1,1,1
BRDA:17,2,0,1
BRDA:17,2,1,0
BRDA:31,3,0,4
BRDA:31,3,1,4
BRF:8
BRH:6
end_of_record
